GET /api/lines 200 response-time {"name":"John2222222","number":"a"}
GET /api/lines 200 response-time {"name":"John2222222","number":"a"}
GET /api/line 404 response-time {"name":"John2222222","number":"a"}
GET /api/line/1 404 response-time {"name":"John2222222","number":"a"}
GET /api/lines/1 404 response-time {"name":"John2222222","number":"a"}
GET /api/lines/1 404 response-time {"name":"John2222222","number":"a"}
GET /api/lines/1 200 response-time {"name":"John2222222","number":"a"}
GET /api/lines/ 200 response-time {"name":"John2222222","number":"a"}
GET /api/lines/2 500 response-time {"name":"John2222222","number":"a"}
GET /api/lines/2 500 response-time {"name":"John2222222","number":"a"}
GET /api/lines/2 500 response-time {"name":"John2222222","number":"a"}
GET /api/lines/ 200 response-time {"name":"John2222222","number":"a"}
GET /api/lines/63db4dce10b945b93b0af172 200 response-time {"name":"John2222222","number":"a"}
GET /api/lines/63db4dce10b945b93b0af173 200 response-time {"name":"John2222222","number":"a"}
GET /api/lines/63db4dce10b945b93b0af173 500 response-time {"name":"John2222222","number":"a"}
GET /api/lines/63db4dce10b945b93b0af173 404 response-time {"name":"John2222222","number":"a"}
GET /api/lines/63db4dce10b945b93b0af172 200 response-time {"name":"John2222222","number":"a"}
GET /api/lines/63db4dce10b945b93b0af17 500 response-time {"name":"John2222222","number":"a"}
GET /api/info 200 response-time {"name":"John2222222","number":"a"}
GET /api/info 200 response-time {"name":"John2222222","number":"a"}
